{
  "stats": {
    "suites": 1,
    "tests": 2,
    "passes": 1,
    "pending": 0,
    "failures": 1,
    "start": "2025-01-12T07:53:25.915Z",
    "end": "2025-01-12T07:53:41.309Z",
    "duration": 15394,
    "testsRegistered": 2,
    "passPercent": 50,
    "pendingPercent": 0,
    "other": 0,
    "hasOther": false,
    "skipped": 0,
    "hasSkipped": false
  },
  "results": [
    {
      "uuid": "ac1a13eb-33e0-4b68-9419-73454ce6005a",
      "title": "",
      "fullFile": "cypress\\e2e\\features\\login.feature",
      "file": "cypress\\e2e\\features\\login.feature",
      "beforeHooks": [],
      "afterHooks": [],
      "tests": [],
      "suites": [
        {
          "uuid": "49c3dc55-9a10-4ef4-a554-77daf56f68c2",
          "title": "User login",
          "fullFile": "",
          "file": "",
          "beforeHooks": [],
          "afterHooks": [],
          "tests": [
            {
              "title": "User can login with valid credentials",
              "fullTitle": "User login User can login with valid credentials",
              "timedOut": null,
              "duration": 4376,
              "state": "passed",
              "speed": "fast",
              "pass": true,
              "fail": false,
              "pending": false,
              "context": null,
              "code": "const state = window.testState;\nreturn cy\n  .then(() => state.onStartScenario(scenario, indexedSteps))\n  .then(() =>\n    resolveAndRunBeforeHooks.call(this, scenario.tags, state.feature.name)\n  )\n  .then(() =>\n    indexedSteps.forEach((step) =>\n      stepTest.call(this, state, step, rowData)\n    )\n  )\n  .then(() => state.onFinishScenario(scenario));",
              "err": {},
              "uuid": "01a4e0f7-136e-405f-9a73-cd51a4fc9fc7",
              "parentUUID": "49c3dc55-9a10-4ef4-a554-77daf56f68c2",
              "isHook": false,
              "skipped": false
            },
            {
              "title": "User cannot login with invalid credentials",
              "fullTitle": "User login User cannot login with invalid credentials",
              "timedOut": null,
              "duration": 9462,
              "state": "failed",
              "speed": null,
              "pass": false,
              "fail": true,
              "pending": false,
              "context": null,
              "code": "const state = window.testState;\nreturn cy\n  .then(() => state.onStartScenario(scenario, indexedSteps))\n  .then(() =>\n    resolveAndRunBeforeHooks.call(this, scenario.tags, state.feature.name)\n  )\n  .then(() =>\n    indexedSteps.forEach((step) =>\n      stepTest.call(this, state, step, rowData)\n    )\n  )\n  .then(() => state.onFinishScenario(scenario));",
              "err": {
                "message": "AssertionError: Timed out retrying after 4000ms: expected '[ <div.invalid-feedback>, 2 more... ]' to contain 'Email incorrect.'",
                "estack": "AssertionError: Timed out retrying after 4000ms: expected '[ <div.invalid-feedback>, 2 more... ]' to contain 'Email incorrect.'\n    at Context.eval (cypress/e2e/step_definitions/login.js:47:41)\n    at Context.resolveAndRunStepDefinition (node_modules/cypress-cucumber-preprocessor/lib/resolveStepDefinition.js:193:0)\n    at Context.eval (node_modules/cypress-cucumber-preprocessor/lib/createTestFromScenario.js:27:0)",
                "diff": null
              },
              "uuid": "41df2f67-c072-4564-80f9-e69ba0a64262",
              "parentUUID": "49c3dc55-9a10-4ef4-a554-77daf56f68c2",
              "isHook": false,
              "skipped": false
            }
          ],
          "suites": [],
          "passes": [
            "01a4e0f7-136e-405f-9a73-cd51a4fc9fc7"
          ],
          "failures": [
            "41df2f67-c072-4564-80f9-e69ba0a64262"
          ],
          "pending": [],
          "skipped": [],
          "duration": 13838,
          "root": false,
          "rootEmpty": false,
          "_timeout": 2000
        }
      ],
      "passes": [],
      "failures": [],
      "pending": [],
      "skipped": [],
      "duration": 0,
      "root": true,
      "rootEmpty": true,
      "_timeout": 2000
    }
  ],
  "meta": {
    "mocha": {
      "version": "7.0.1"
    },
    "mochawesome": {
      "options": {
        "quiet": false,
        "reportFilename": "[status]_[datetime]-report",
        "saveHtml": false,
        "saveJson": true,
        "consoleReporter": "spec",
        "useInlineDiffs": false,
        "code": true
      },
      "version": "7.1.3"
    },
    "marge": {
      "options": {
        "reportDir": "cypress\\reports\\.jsons",
        "overwrite": false,
        "html": false,
        "json": true,
        "reportFilename": "[status]_[datetime]-report",
        "timestamp": "shortDate",
        "charts": true,
        "reportPageTitle": "Colispo Test Suite Report",
        "embeddedScreenshots": true,
        "inlineAssets": true
      },
      "version": "6.2.0"
    }
  }
}